help.are
gods.are
limbo.are
newacad.are
newgate.are
newdark.are
haon.are
midennir.are
sewer.are
redferne.are
grove.are
dwarven.are
daycare.are
grave.are
chapel.are
astral.are
Build.are
pixie.are
export.are
srefuge.are
manor.are
unholy.are
gallery.are
shadows.are
franorst.are
skazoy.are
kivitz.are
alter.are
apex.are
canyon.are
hitower.are
mirkwood.are
mystic.are
plains.are
sylvain.are
thalos.are
tree.are
under.are
underwld.are
warkeep.are
wyvern.are
chaoscaves.are
newbie.are
ambush.are
catacombs.are
caverns.are
ciquala.are
coven.are
deception.are
draconia.are
mansion.are
merlin.are
savannah.are
strife.are
wastes.are
seatun.are
gobtown.are
remik2.are
$
