help.are
social.are
rom.are
group.are
olc.hlp
tsr.hlp
mobprog.prg
immort.are
midgaard.are
canyon.are
draconia.are
drow.are
thalos.are
dwarven.are
eastern.are
grave.are
grove.are
hitower.are
oakgrove.are
limbo.are
mahntor.are
midennir.are
mirror.are
moria.are
newthalos.are
ofcol.are
redferne.are
sewer.are
school.are
trollden.are
wyvern.are
crystal.are
tree.are
ambush.are
antharia.are
ciquala.are
coven.are
divsouls.are
ring.are
kender.are
lotus.are
ruins.are
solace.are
underdark.are
llangir.are
isles.are
underwld.are
olympia.are
fairy.are
guild.are
tower.are
merlin.are
sylvain.are
sivan.are
bells.are
mystery.are
brittan.are
gobtown.are
scothi.are
naghd.are
nature.are
pixie.are
nevyn.are
lanth.are
pkill.are
chaosect.are
haon.are
alter.are
warkeep.are
seatun.are
apex.are
faith.are
thenia.are
jungle.are
deep.are
link.are
nev.are
remort.are
savannah.are
strife.are
oceans.are
ilanterr.are
coast.are
serenity.are
mystic24.are
area0.are
area0.are
bryelle.are
$
