help.dat
area86.are
area87.are
area88.are
limbo.are
msarena.are
flux.are
lukinwan.are
sorcery.are
banditca.are
hell.are
buildlrn.are
dwfort.are
school.are
xroads.are
cluff1.are
area84.are
area85.are
rwmudsch.are
raven.are
deck1.are
derelor2.are
trollmtn.are
dwfmtn.are
hog.are
arch1.are
angi1.are
qmaster1.are
wyvern.are
breton.are
cluff2.are
hannibal.are
lacey1.are
mtcano.are
serf.are
wcoast.are
valev.are
centvil.are
hookups.are
ralisan.are
deckla.are
aria.are
daern2.are
talia1.are
bharena.are
raharo2.are
myrks.are
forest.are
daern1.are
heaven.are
angi2.are
shadows.are
foshrine.are
tolaria.are
fortress.are
dragon.are
hammerhm.are
haungrav.are
gamepres.are
damned.are
enchfor.are
badland.are
dragmtn.are
runemst1.are
deathfm.are
botgar.are
brokpyr.are
xal.are
ways.are
tchaos.are
sewer1.are
arcwaste.are
silver.are
breton2.are
spider.are
dominat.are
mistval.are
rhylus.are
benarea.are
area76.are
area77.are
area78.are
bryelle.are
akasha.are
bethaven.are
demtempl.are
wynn1.are
guild.are
argon1.are
spires.are
terram.are
$
