help.are
gods.are
limbo.are
newacad.are
newgate.are
newdark.are
haon.are
midennir.are
sewer.are
redferne.are
grove.are
dwarven.are
manor.are
unholy.are
gallery.are
canyon.are
draconia.are
thalos.are
eastern.are
grave.are
hitower.are
mahntor.are
newthalos.are
wyvern.are
tree.are
ambush.are
ciquala.are
coven.are
lotus.are
ruins.are
llangir.are
isles.are
underwld.are
merlin.are
scothi.are
alter.are
warkeep.are
seatun.are
link.are
link2.are
link3.are
strife.are
mystic.are
serenity.are
plains.are
lanth.are
mirkwood.are
under.are
malathar.are
chaoscaves.are
deception.are
apex.are
shadows.are
savannah.are
rebellion.are
mansion.are
wastes.are
skazoy.are
catacombs.are
franorst.are
kivitz.are
caverns.are
harmony.are
lies.are
trials.are
newbie.are
$
